Determining if the pthread_create exist failed with the following output:
Change Dir: /home/moujiawang/gcs/build/CMakeFiles/CMakeTmp

Run Build Command:"/usr/bin/make" "cmTC_b1f3f/fast"
/usr/bin/make -f CMakeFiles/cmTC_b1f3f.dir/build.make CMakeFiles/cmTC_b1f3f.dir/build
make[1]: Entering directory '/home/moujiawang/gcs/build/CMakeFiles/CMakeTmp'
Building C object CMakeFiles/cmTC_b1f3f.dir/CheckSymbolExists.c.o
/usr/bin/cc     -o CMakeFiles/cmTC_b1f3f.dir/CheckSymbolExists.c.o   -c /home/moujiawang/gcs/build/CMakeFiles/CMakeTmp/CheckSymbolExists.c
Linking C executable cmTC_b1f3f
/usr/bin/cmake -E cmake_link_script CMakeFiles/cmTC_b1f3f.dir/link.txt --verbose=1
/usr/bin/cc       CMakeFiles/cmTC_b1f3f.dir/CheckSymbolExists.c.o  -o cmTC_b1f3f -rdynamic 
CMakeFiles/cmTC_b1f3f.dir/CheckSymbolExists.c.o: In function `main':
CheckSymbolExists.c:(.text+0x16): undefined reference to `pthread_create'
collect2: error: ld returned 1 exit status
CMakeFiles/cmTC_b1f3f.dir/build.make:97: recipe for target 'cmTC_b1f3f' failed
make[1]: *** [cmTC_b1f3f] Error 1
make[1]: Leaving directory '/home/moujiawang/gcs/build/CMakeFiles/CMakeTmp'
Makefile:126: recipe for target 'cmTC_b1f3f/fast' failed
make: *** [cmTC_b1f3f/fast] Error 2

File /home/moujiawang/gcs/build/CMakeFiles/CMakeTmp/CheckSymbolExists.c:
/* */
#include <pthread.h>

int main(int argc, char** argv)
{
  (void)argv;
#ifndef pthread_create
  return ((int*)(&pthread_create))[argc];
#else
  (void)argc;
  return 0;
#endif
}

Determining if the function pthread_create exists in the pthreads failed with the following output:
Change Dir: /home/moujiawang/gcs/build/CMakeFiles/CMakeTmp

Run Build Command:"/usr/bin/make" "cmTC_6132f/fast"
/usr/bin/make -f CMakeFiles/cmTC_6132f.dir/build.make CMakeFiles/cmTC_6132f.dir/build
make[1]: Entering directory '/home/moujiawang/gcs/build/CMakeFiles/CMakeTmp'
Building C object CMakeFiles/cmTC_6132f.dir/CheckFunctionExists.c.o
/usr/bin/cc    -DCHECK_FUNCTION_EXISTS=pthread_create   -o CMakeFiles/cmTC_6132f.dir/CheckFunctionExists.c.o   -c /usr/share/cmake-3.5/Modules/CheckFunctionExists.c
Linking C executable cmTC_6132f
/usr/bin/cmake -E cmake_link_script CMakeFiles/cmTC_6132f.dir/link.txt --verbose=1
/usr/bin/cc   -DCHECK_FUNCTION_EXISTS=pthread_create    CMakeFiles/cmTC_6132f.dir/CheckFunctionExists.c.o  -o cmTC_6132f -rdynamic -lpthreads 
/usr/bin/ld: cannot find -lpthreads
collect2: error: ld returned 1 exit status
CMakeFiles/cmTC_6132f.dir/build.make:97: recipe for target 'cmTC_6132f' failed
make[1]: *** [cmTC_6132f] Error 1
make[1]: Leaving directory '/home/moujiawang/gcs/build/CMakeFiles/CMakeTmp'
Makefile:126: recipe for target 'cmTC_6132f/fast' failed
make: *** [cmTC_6132f/fast] Error 2


